INFO:     Will watch for changes in these directories: ['/Users/arjungovindan/Documents/Projects/ruptrapi/backend']
INFO:     Uvicorn running on http://127.0.0.1:8000 (Press CTRL+C to quit)
INFO:     Started reloader process [23069] using WatchFiles
INFO:     Started server process [23132]
INFO:     Waiting for application startup.
INFO:     Application startup complete.
INFO:     127.0.0.1:51127 - "POST /ruptrapi/v1/organizations/ HTTP/1.1" 500 Internal Server Error
ERROR:    Exception in ASGI application
Traceback (most recent call last):
  File "/opt/homebrew/Caskroom/miniconda/base/envs/ruptr/lib/python3.12/site-packages/sqlalchemy/engine/base.py", line 1967, in _exec_single_context
    self.dialect.do_execute(
  File "/opt/homebrew/Caskroom/miniconda/base/envs/ruptr/lib/python3.12/site-packages/sqlalchemy/engine/default.py", line 952, in do_execute
    cursor.execute(statement, parameters)
psycopg2.errors.UniqueViolation: duplicate key value violates unique constraint "organizations_slug_key"
DETAIL:  Key (slug)=(delete-me-py) already exists.


The above exception was the direct cause of the following exception:

Traceback (most recent call last):
  File "/opt/homebrew/Caskroom/miniconda/base/envs/ruptr/lib/python3.12/site-packages/uvicorn/protocols/http/httptools_impl.py", line 416, in run_asgi
    result = await app(  # type: ignore[func-returns-value]
             ^^^^^^^^^^^^^^^^^^^^^^^^^^^^^^^^^^^^^^^^^^^^^^
  File "/opt/homebrew/Caskroom/miniconda/base/envs/ruptr/lib/python3.12/site-packages/uvicorn/middleware/proxy_headers.py", line 60, in __call__
    return await self.app(scope, receive, send)
           ^^^^^^^^^^^^^^^^^^^^^^^^^^^^^^^^^^^^
  File "/opt/homebrew/Caskroom/miniconda/base/envs/ruptr/lib/python3.12/site-packages/fastapi/applications.py", line 1135, in __call__
    await super().__call__(scope, receive, send)
  File "/opt/homebrew/Caskroom/miniconda/base/envs/ruptr/lib/python3.12/site-packages/starlette/applications.py", line 107, in __call__
    await self.middleware_stack(scope, receive, send)
  File "/opt/homebrew/Caskroom/miniconda/base/envs/ruptr/lib/python3.12/site-packages/starlette/middleware/errors.py", line 186, in __call__
    raise exc
  File "/opt/homebrew/Caskroom/miniconda/base/envs/ruptr/lib/python3.12/site-packages/starlette/middleware/errors.py", line 164, in __call__
    await self.app(scope, receive, _send)
  File "/opt/homebrew/Caskroom/miniconda/base/envs/ruptr/lib/python3.12/site-packages/starlette/middleware/exceptions.py", line 63, in __call__
    await wrap_app_handling_exceptions(self.app, conn)(scope, receive, send)
  File "/opt/homebrew/Caskroom/miniconda/base/envs/ruptr/lib/python3.12/site-packages/starlette/_exception_handler.py", line 53, in wrapped_app
    raise exc
  File "/opt/homebrew/Caskroom/miniconda/base/envs/ruptr/lib/python3.12/site-packages/starlette/_exception_handler.py", line 42, in wrapped_app
    await app(scope, receive, sender)
  File "/opt/homebrew/Caskroom/miniconda/base/envs/ruptr/lib/python3.12/site-packages/fastapi/middleware/asyncexitstack.py", line 18, in __call__
    await self.app(scope, receive, send)
  File "/opt/homebrew/Caskroom/miniconda/base/envs/ruptr/lib/python3.12/site-packages/starlette/routing.py", line 716, in __call__
    await self.middleware_stack(scope, receive, send)
  File "/opt/homebrew/Caskroom/miniconda/base/envs/ruptr/lib/python3.12/site-packages/starlette/routing.py", line 736, in app
    await route.handle(scope, receive, send)
  File "/opt/homebrew/Caskroom/miniconda/base/envs/ruptr/lib/python3.12/site-packages/starlette/routing.py", line 290, in handle
    await self.app(scope, receive, send)
  File "/opt/homebrew/Caskroom/miniconda/base/envs/ruptr/lib/python3.12/site-packages/fastapi/routing.py", line 115, in app
    await wrap_app_handling_exceptions(app, request)(scope, receive, send)
  File "/opt/homebrew/Caskroom/miniconda/base/envs/ruptr/lib/python3.12/site-packages/starlette/_exception_handler.py", line 53, in wrapped_app
    raise exc
  File "/opt/homebrew/Caskroom/miniconda/base/envs/ruptr/lib/python3.12/site-packages/starlette/_exception_handler.py", line 42, in wrapped_app
    await app(scope, receive, sender)
  File "/opt/homebrew/Caskroom/miniconda/base/envs/ruptr/lib/python3.12/site-packages/fastapi/routing.py", line 101, in app
    response = await f(request)
               ^^^^^^^^^^^^^^^^
  File "/opt/homebrew/Caskroom/miniconda/base/envs/ruptr/lib/python3.12/site-packages/fastapi/routing.py", line 355, in app
    raw_response = await run_endpoint_function(
                   ^^^^^^^^^^^^^^^^^^^^^^^^^^^^
  File "/opt/homebrew/Caskroom/miniconda/base/envs/ruptr/lib/python3.12/site-packages/fastapi/routing.py", line 245, in run_endpoint_function
    return await run_in_threadpool(dependant.call, **values)
           ^^^^^^^^^^^^^^^^^^^^^^^^^^^^^^^^^^^^^^^^^^^^^^^^^
  File "/opt/homebrew/Caskroom/miniconda/base/envs/ruptr/lib/python3.12/site-packages/starlette/concurrency.py", line 32, in run_in_threadpool
    return await anyio.to_thread.run_sync(func)
           ^^^^^^^^^^^^^^^^^^^^^^^^^^^^^^^^^^^^
  File "/opt/homebrew/Caskroom/miniconda/base/envs/ruptr/lib/python3.12/site-packages/anyio/to_thread.py", line 63, in run_sync
    return await get_async_backend().run_sync_in_worker_thread(
           ^^^^^^^^^^^^^^^^^^^^^^^^^^^^^^^^^^^^^^^^^^^^^^^^^^^^
  File "/opt/homebrew/Caskroom/miniconda/base/envs/ruptr/lib/python3.12/site-packages/anyio/_backends/_asyncio.py", line 2502, in run_sync_in_worker_thread
    return await future
           ^^^^^^^^^^^^
  File "/opt/homebrew/Caskroom/miniconda/base/envs/ruptr/lib/python3.12/site-packages/anyio/_backends/_asyncio.py", line 986, in run
    result = context.run(func, *args)
             ^^^^^^^^^^^^^^^^^^^^^^^^
  File "/Users/arjungovindan/Documents/Projects/ruptrapi/backend/app/api/v1/organizations.py", line 16, in create_organization
    db.commit()
  File "/opt/homebrew/Caskroom/miniconda/base/envs/ruptr/lib/python3.12/site-packages/sqlalchemy/orm/session.py", line 2030, in commit
    trans.commit(_to_root=True)
  File "<string>", line 2, in commit
  File "/opt/homebrew/Caskroom/miniconda/base/envs/ruptr/lib/python3.12/site-packages/sqlalchemy/orm/state_changes.py", line 137, in _go
    ret_value = fn(self, *arg, **kw)
                ^^^^^^^^^^^^^^^^^^^^
  File "/opt/homebrew/Caskroom/miniconda/base/envs/ruptr/lib/python3.12/site-packages/sqlalchemy/orm/session.py", line 1311, in commit
    self._prepare_impl()
  File "<string>", line 2, in _prepare_impl
  File "/opt/homebrew/Caskroom/miniconda/base/envs/ruptr/lib/python3.12/site-packages/sqlalchemy/orm/state_changes.py", line 137, in _go
    ret_value = fn(self, *arg, **kw)
                ^^^^^^^^^^^^^^^^^^^^
  File "/opt/homebrew/Caskroom/miniconda/base/envs/ruptr/lib/python3.12/site-packages/sqlalchemy/orm/session.py", line 1286, in _prepare_impl
    self.session.flush()
  File "/opt/homebrew/Caskroom/miniconda/base/envs/ruptr/lib/python3.12/site-packages/sqlalchemy/orm/session.py", line 4331, in flush
    self._flush(objects)
  File "/opt/homebrew/Caskroom/miniconda/base/envs/ruptr/lib/python3.12/site-packages/sqlalchemy/orm/session.py", line 4466, in _flush
    with util.safe_reraise():
         ^^^^^^^^^^^^^^^^^^^
  File "/opt/homebrew/Caskroom/miniconda/base/envs/ruptr/lib/python3.12/site-packages/sqlalchemy/util/langhelpers.py", line 224, in __exit__
    raise exc_value.with_traceback(exc_tb)
  File "/opt/homebrew/Caskroom/miniconda/base/envs/ruptr/lib/python3.12/site-packages/sqlalchemy/orm/session.py", line 4427, in _flush
    flush_context.execute()
  File "/opt/homebrew/Caskroom/miniconda/base/envs/ruptr/lib/python3.12/site-packages/sqlalchemy/orm/unitofwork.py", line 466, in execute
    rec.execute(self)
  File "/opt/homebrew/Caskroom/miniconda/base/envs/ruptr/lib/python3.12/site-packages/sqlalchemy/orm/unitofwork.py", line 642, in execute
    util.preloaded.orm_persistence.save_obj(
  File "/opt/homebrew/Caskroom/miniconda/base/envs/ruptr/lib/python3.12/site-packages/sqlalchemy/orm/persistence.py", line 93, in save_obj
    _emit_insert_statements(
  File "/opt/homebrew/Caskroom/miniconda/base/envs/ruptr/lib/python3.12/site-packages/sqlalchemy/orm/persistence.py", line 1233, in _emit_insert_statements
    result = connection.execute(
             ^^^^^^^^^^^^^^^^^^^
  File "/opt/homebrew/Caskroom/miniconda/base/envs/ruptr/lib/python3.12/site-packages/sqlalchemy/engine/base.py", line 1419, in execute
    return meth(
           ^^^^^
  File "/opt/homebrew/Caskroom/miniconda/base/envs/ruptr/lib/python3.12/site-packages/sqlalchemy/sql/elements.py", line 527, in _execute_on_connection
    return connection._execute_clauseelement(
           ^^^^^^^^^^^^^^^^^^^^^^^^^^^^^^^^^^
  File "/opt/homebrew/Caskroom/miniconda/base/envs/ruptr/lib/python3.12/site-packages/sqlalchemy/engine/base.py", line 1641, in _execute_clauseelement
    ret = self._execute_context(
          ^^^^^^^^^^^^^^^^^^^^^^
  File "/opt/homebrew/Caskroom/miniconda/base/envs/ruptr/lib/python3.12/site-packages/sqlalchemy/engine/base.py", line 1846, in _execute_context
    return self._exec_single_context(
           ^^^^^^^^^^^^^^^^^^^^^^^^^^
  File "/opt/homebrew/Caskroom/miniconda/base/envs/ruptr/lib/python3.12/site-packages/sqlalchemy/engine/base.py", line 1986, in _exec_single_context
    self._handle_dbapi_exception(
  File "/opt/homebrew/Caskroom/miniconda/base/envs/ruptr/lib/python3.12/site-packages/sqlalchemy/engine/base.py", line 2363, in _handle_dbapi_exception
    raise sqlalchemy_exception.with_traceback(exc_info[2]) from e
  File "/opt/homebrew/Caskroom/miniconda/base/envs/ruptr/lib/python3.12/site-packages/sqlalchemy/engine/base.py", line 1967, in _exec_single_context
    self.dialect.do_execute(
  File "/opt/homebrew/Caskroom/miniconda/base/envs/ruptr/lib/python3.12/site-packages/sqlalchemy/engine/default.py", line 952, in do_execute
    cursor.execute(statement, parameters)
sqlalchemy.exc.IntegrityError: (psycopg2.errors.UniqueViolation) duplicate key value violates unique constraint "organizations_slug_key"
DETAIL:  Key (slug)=(delete-me-py) already exists.

[SQL: INSERT INTO organizations (name, slug, is_deleted, id, organization_id, created_at, updated_at) VALUES (%(name)s, %(slug)s, %(is_deleted)s, %(id)s::UUID, %(organization_id)s::UUID, %(created_at)s, %(updated_at)s)]
[parameters: {'name': 'Delete Me Corp', 'slug': 'delete-me-py', 'is_deleted': False, 'id': UUID('a09c1e2a-e875-4ee7-a145-112f0cb6c2cf'), 'organization_id': UUID('93bfe4d6-6af5-496c-a1b2-e7913eec5684'), 'created_at': datetime.datetime(2026, 1, 15, 9, 9, 44, 534069), 'updated_at': datetime.datetime(2026, 1, 15, 9, 9, 44, 534073)}]
(Background on this error at: https://sqlalche.me/e/20/gkpj)
INFO:     127.0.0.1:51147 - "POST /ruptrapi/v1/organizations/ HTTP/1.1" 200 OK
INFO:     127.0.0.1:51148 - "PATCH /ruptrapi/v1/organizations/d70d3e57-585d-4d95-87ec-73e24cfbed17 HTTP/1.1" 200 OK
INFO:     127.0.0.1:51149 - "GET /ruptrapi/v1/organizations/ HTTP/1.1" 200 OK
INFO:     127.0.0.1:51150 - "GET /ruptrapi/v1/organizations/?include_deleted=true HTTP/1.1" 200 OK
WARNING:  WatchFiles detected changes in 'app/models/base.py'. Reloading...
INFO:     Shutting down
INFO:     Waiting for application shutdown.
INFO:     Application shutdown complete.
INFO:     Finished server process [23132]
INFO:     Started server process [23973]
INFO:     Waiting for application startup.
INFO:     Application startup complete.
WARNING:  WatchFiles detected changes in 'app/models/organization.py'. Reloading...
INFO:     Shutting down
INFO:     Waiting for application shutdown.
INFO:     Application shutdown complete.
INFO:     Finished server process [23973]
Process SpawnProcess-3:
Traceback (most recent call last):
  File "/opt/homebrew/Caskroom/miniconda/base/envs/ruptr/lib/python3.12/multiprocessing/process.py", line 314, in _bootstrap
    self.run()
  File "/opt/homebrew/Caskroom/miniconda/base/envs/ruptr/lib/python3.12/multiprocessing/process.py", line 108, in run
    self._target(*self._args, **self._kwargs)
  File "/opt/homebrew/Caskroom/miniconda/base/envs/ruptr/lib/python3.12/site-packages/uvicorn/_subprocess.py", line 80, in subprocess_started
    target(sockets=sockets)
  File "/opt/homebrew/Caskroom/miniconda/base/envs/ruptr/lib/python3.12/site-packages/uvicorn/server.py", line 67, in run
    return asyncio_run(self.serve(sockets=sockets), loop_factory=self.config.get_loop_factory())
           ^^^^^^^^^^^^^^^^^^^^^^^^^^^^^^^^^^^^^^^^^^^^^^^^^^^^^^^^^^^^^^^^^^^^^^^^^^^^^^^^^^^^^
  File "/opt/homebrew/Caskroom/miniconda/base/envs/ruptr/lib/python3.12/asyncio/runners.py", line 195, in run
    return runner.run(main)
           ^^^^^^^^^^^^^^^^
  File "/opt/homebrew/Caskroom/miniconda/base/envs/ruptr/lib/python3.12/asyncio/runners.py", line 118, in run
    return self._loop.run_until_complete(task)
           ^^^^^^^^^^^^^^^^^^^^^^^^^^^^^^^^^^^
  File "uvloop/loop.pyx", line 1518, in uvloop.loop.Loop.run_until_complete
  File "/opt/homebrew/Caskroom/miniconda/base/envs/ruptr/lib/python3.12/site-packages/uvicorn/server.py", line 71, in serve
    await self._serve(sockets)
  File "/opt/homebrew/Caskroom/miniconda/base/envs/ruptr/lib/python3.12/site-packages/uvicorn/server.py", line 78, in _serve
    config.load()
  File "/opt/homebrew/Caskroom/miniconda/base/envs/ruptr/lib/python3.12/site-packages/uvicorn/config.py", line 439, in load
    self.loaded_app = import_from_string(self.app)
                      ^^^^^^^^^^^^^^^^^^^^^^^^^^^^
  File "/opt/homebrew/Caskroom/miniconda/base/envs/ruptr/lib/python3.12/site-packages/uvicorn/importer.py", line 19, in import_from_string
    module = importlib.import_module(module_str)
             ^^^^^^^^^^^^^^^^^^^^^^^^^^^^^^^^^^^
  File "/opt/homebrew/Caskroom/miniconda/base/envs/ruptr/lib/python3.12/importlib/__init__.py", line 90, in import_module
    return _bootstrap._gcd_import(name[level:], package, level)
           ^^^^^^^^^^^^^^^^^^^^^^^^^^^^^^^^^^^^^^^^^^^^^^^^^^^^
  File "<frozen importlib._bootstrap>", line 1387, in _gcd_import
  File "<frozen importlib._bootstrap>", line 1360, in _find_and_load
  File "<frozen importlib._bootstrap>", line 1331, in _find_and_load_unlocked
  File "<frozen importlib._bootstrap>", line 935, in _load_unlocked
  File "<frozen importlib._bootstrap_external>", line 999, in exec_module
  File "<frozen importlib._bootstrap>", line 488, in _call_with_frames_removed
  File "/Users/arjungovindan/Documents/Projects/ruptrapi/backend/app/main.py", line 3, in <module>
    from app.api.api import api_router
  File "/Users/arjungovindan/Documents/Projects/ruptrapi/backend/app/api/api.py", line 2, in <module>
    from app.api.v1 import organizations, services
  File "/Users/arjungovindan/Documents/Projects/ruptrapi/backend/app/api/v1/organizations.py", line 7, in <module>
    from app.models.organization import Organization
  File "/Users/arjungovindan/Documents/Projects/ruptrapi/backend/app/models/__init__.py", line 2, in <module>
    from .organization import Organization
  File "/Users/arjungovindan/Documents/Projects/ruptrapi/backend/app/models/organization.py", line 3, in <module>
    class Organization(BaseOrganizationEntity):
  File "/Users/arjungovindan/Documents/Projects/ruptrapi/backend/app/models/organization.py", line 6, in Organization
    name = Column(String, nullable=False)
           ^^^^^^
NameError: name 'Column' is not defined
WARNING:  WatchFiles detected changes in 'app/models/organization.py'. Reloading...
INFO:     Started server process [24432]
INFO:     Waiting for application startup.
INFO:     Application startup complete.
WARNING:  WatchFiles detected changes in 'alembic/versions/17fc55301943_remove_organization_id_from_.py'. Reloading...
INFO:     Shutting down
INFO:     Waiting for application shutdown.
INFO:     Application shutdown complete.
INFO:     Finished server process [24432]
INFO:     Started server process [24644]
INFO:     Waiting for application startup.
INFO:     Application startup complete.
